This file contains any messages produced by compilers while
running configure, to aid debugging if configure makes a mistake.

It was created by didiwiki configure 1.7.0, which was
generated by GNU Autoconf 2.65.  Invocation command line was

  $ ./configure 

## --------- ##
## Platform. ##
## --------- ##

hostname = jpr-laptop
uname -m = i686
uname -r = 2.6.32-23-generic
uname -s = Linux
uname -v = #37-Ubuntu SMP Fri Jun 11 07:54:58 UTC 2010

/usr/bin/uname -p = unknown
/bin/uname -X     = unknown

/bin/arch              = unknown
/usr/bin/arch -k       = unknown
/usr/convex/getsysinfo = unknown
/usr/bin/hostinfo      = unknown
/bin/machine           = unknown
/usr/bin/oslevel       = unknown
/bin/universe          = unknown

PATH: /usr/local/sbin
PATH: /usr/local/bin
PATH: /usr/sbin
PATH: /usr/bin
PATH: /sbin
PATH: /bin
PATH: /usr/games


## ----------- ##
## Core tests. ##
## ----------- ##

configure:2206: checking for a BSD-compatible install
configure:2274: result: /usr/bin/install -c
configure:2285: checking whether build environment is sane
configure:2335: result: yes
configure:2476: checking for a thread-safe mkdir -p
configure:2515: result: /bin/mkdir -p
configure:2528: checking for gawk
configure:2544: found /usr/bin/gawk
configure:2555: result: gawk
configure:2566: checking whether make sets $(MAKE)
configure:2588: result: yes
configure:2718: checking for gcc
configure:2734: found /usr/bin/gcc
configure:2745: result: gcc
configure:2974: checking for C compiler version
configure:2983: gcc --version >&5
gcc (Ubuntu 4.4.3-4ubuntu5) 4.4.3
Copyright (C) 2009 Free Software Foundation, Inc.
This is free software; see the source for copying conditions.  There is NO
warranty; not even for MERCHANTABILITY or FITNESS FOR A PARTICULAR PURPOSE.

configure:2994: $? = 0
configure:2983: gcc -v >&5
Using built-in specs.
Target: i486-linux-gnu
Configured with: ../src/configure -v --with-pkgversion='Ubuntu 4.4.3-4ubuntu5' --with-bugurl=file:///usr/share/doc/gcc-4.4/README.Bugs --enable-languages=c,c++,fortran,objc,obj-c++ --prefix=/usr --enable-shared --enable-multiarch --enable-linker-build-id --with-system-zlib --libexecdir=/usr/lib --without-included-gettext --enable-threads=posix --with-gxx-include-dir=/usr/include/c++/4.4 --program-suffix=-4.4 --enable-nls --enable-clocale=gnu --enable-libstdcxx-debug --enable-plugin --enable-objc-gc --enable-targets=all --disable-werror --with-arch-32=i486 --with-tune=generic --enable-checking=release --build=i486-linux-gnu --host=i486-linux-gnu --target=i486-linux-gnu
Thread model: posix
gcc version 4.4.3 (Ubuntu 4.4.3-4ubuntu5) 
configure:2994: $? = 0
configure:2983: gcc -V >&5
gcc: '-V' option must have argument
configure:2994: $? = 1
configure:2983: gcc -qversion >&5
gcc: unrecognized option '-qversion'
gcc: no input files
configure:2994: $? = 1
configure:3014: checking whether the C compiler works
configure:3036: gcc    conftest.c  >&5
configure:3040: $? = 0
configure:3089: result: yes
configure:3092: checking for C compiler default output file name
configure:3094: result: a.out
configure:3100: checking for suffix of executables
configure:3107: gcc -o conftest    conftest.c  >&5
configure:3111: $? = 0
configure:3133: result: 
configure:3155: checking whether we are cross compiling
configure:3163: gcc -o conftest    conftest.c  >&5
configure:3167: $? = 0
configure:3174: ./conftest
configure:3178: $? = 0
configure:3193: result: no
configure:3198: checking for suffix of object files
configure:3220: gcc -c   conftest.c >&5
configure:3224: $? = 0
configure:3245: result: o
configure:3249: checking whether we are using the GNU C compiler
configure:3268: gcc -c   conftest.c >&5
configure:3268: $? = 0
configure:3277: result: yes
configure:3286: checking whether gcc accepts -g
configure:3306: gcc -c -g  conftest.c >&5
configure:3306: $? = 0
configure:3347: result: yes
configure:3364: checking for gcc option to accept ISO C89
configure:3428: gcc  -c -g -O2  conftest.c >&5
configure:3428: $? = 0
configure:3441: result: none needed
configure:3472: checking for style of include used by make
configure:3500: result: GNU
configure:3525: checking dependency style of gcc
configure:3635: result: gcc3
configure:3658: checking for dirent.h that defines DIR
configure:3677: gcc -c -g -O2  conftest.c >&5
configure:3677: $? = 0
configure:3685: result: yes
configure:3699: checking for library containing opendir
configure:3730: gcc -o conftest -g -O2   conftest.c  >&5
configure:3730: $? = 0
configure:3747: result: none required
configure:3819: checking how to run the C preprocessor
configure:3850: gcc -E  conftest.c
configure:3850: $? = 0
configure:3864: gcc -E  conftest.c
conftest.c:12:28: error: ac_nonexistent.h: No such file or directory
configure:3864: $? = 1
configure: failed program was:
| /* confdefs.h */
| #define PACKAGE_NAME "didiwiki"
| #define PACKAGE_TARNAME "didiwiki"
| #define PACKAGE_VERSION "1.7.0"
| #define PACKAGE_STRING "didiwiki 1.7.0"
| #define PACKAGE_BUGREPORT "texlexan@gmail.com"
| #define PACKAGE_URL ""
| #define PACKAGE "didiwiki"
| #define VERSION "1.7.0"
| #define HAVE_DIRENT_H 1
| /* end confdefs.h.  */
| #include <ac_nonexistent.h>
configure:3889: result: gcc -E
configure:3909: gcc -E  conftest.c
configure:3909: $? = 0
configure:3923: gcc -E  conftest.c
conftest.c:12:28: error: ac_nonexistent.h: No such file or directory
configure:3923: $? = 1
configure: failed program was:
| /* confdefs.h */
| #define PACKAGE_NAME "didiwiki"
| #define PACKAGE_TARNAME "didiwiki"
| #define PACKAGE_VERSION "1.7.0"
| #define PACKAGE_STRING "didiwiki 1.7.0"
| #define PACKAGE_BUGREPORT "texlexan@gmail.com"
| #define PACKAGE_URL ""
| #define PACKAGE "didiwiki"
| #define VERSION "1.7.0"
| #define HAVE_DIRENT_H 1
| /* end confdefs.h.  */
| #include <ac_nonexistent.h>
configure:3952: checking for grep that handles long lines and -e
configure:4010: result: /bin/grep
configure:4015: checking for egrep
configure:4077: result: /bin/grep -E
configure:4082: checking for ANSI C header files
configure:4102: gcc -c -g -O2  conftest.c >&5
configure:4102: $? = 0
configure:4175: gcc -o conftest -g -O2   conftest.c  >&5
configure:4175: $? = 0
configure:4175: ./conftest
configure:4175: $? = 0
configure:4186: result: yes
configure:4194: checking for sys/wait.h that is POSIX.1 compatible
configure:4220: gcc -c -g -O2  conftest.c >&5
configure:4220: $? = 0
configure:4227: result: yes
configure:4240: checking for sys/types.h
configure:4240: gcc -c -g -O2  conftest.c >&5
configure:4240: $? = 0
configure:4240: result: yes
configure:4240: checking for sys/stat.h
configure:4240: gcc -c -g -O2  conftest.c >&5
configure:4240: $? = 0
configure:4240: result: yes
configure:4240: checking for stdlib.h
configure:4240: gcc -c -g -O2  conftest.c >&5
configure:4240: $? = 0
configure:4240: result: yes
configure:4240: checking for string.h
configure:4240: gcc -c -g -O2  conftest.c >&5
configure:4240: $? = 0
configure:4240: result: yes
configure:4240: checking for memory.h
configure:4240: gcc -c -g -O2  conftest.c >&5
configure:4240: $? = 0
configure:4240: result: yes
configure:4240: checking for strings.h
configure:4240: gcc -c -g -O2  conftest.c >&5
configure:4240: $? = 0
configure:4240: result: yes
configure:4240: checking for inttypes.h
configure:4240: gcc -c -g -O2  conftest.c >&5
configure:4240: $? = 0
configure:4240: result: yes
configure:4240: checking for stdint.h
configure:4240: gcc -c -g -O2  conftest.c >&5
configure:4240: $? = 0
configure:4240: result: yes
configure:4240: checking for unistd.h
configure:4240: gcc -c -g -O2  conftest.c >&5
configure:4240: $? = 0
configure:4240: result: yes
configure:4256: checking arpa/inet.h usability
configure:4256: gcc -c -g -O2  conftest.c >&5
configure:4256: $? = 0
configure:4256: result: yes
configure:4256: checking arpa/inet.h presence
configure:4256: gcc -E  conftest.c
configure:4256: $? = 0
configure:4256: result: yes
configure:4256: checking for arpa/inet.h
configure:4256: result: yes
configure:4256: checking netinet/in.h usability
configure:4256: gcc -c -g -O2  conftest.c >&5
configure:4256: $? = 0
configure:4256: result: yes
configure:4256: checking netinet/in.h presence
configure:4256: gcc -E  conftest.c
configure:4256: $? = 0
configure:4256: result: yes
configure:4256: checking for netinet/in.h
configure:4256: result: yes
configure:4256: checking for stdlib.h
configure:4256: result: yes
configure:4256: checking for string.h
configure:4256: result: yes
configure:4256: checking sys/socket.h usability
configure:4256: gcc -c -g -O2  conftest.c >&5
configure:4256: $? = 0
configure:4256: result: yes
configure:4256: checking sys/socket.h presence
configure:4256: gcc -E  conftest.c
configure:4256: $? = 0
configure:4256: result: yes
configure:4256: checking for sys/socket.h
configure:4256: result: yes
configure:4256: checking sys/time.h usability
configure:4256: gcc -c -g -O2  conftest.c >&5
configure:4256: $? = 0
configure:4256: result: yes
configure:4256: checking sys/time.h presence
configure:4256: gcc -E  conftest.c
configure:4256: $? = 0
configure:4256: result: yes
configure:4256: checking for sys/time.h
configure:4256: result: yes
configure:4256: checking for unistd.h
configure:4256: result: yes
configure:4269: checking for an ANSI C-conforming const
configure:4334: gcc -c -g -O2  conftest.c >&5
configure:4334: $? = 0
configure:4341: result: yes
configure:4349: checking whether time.h and sys/time.h may both be included
configure:4369: gcc -c -g -O2  conftest.c >&5
configure:4369: $? = 0
configure:4376: result: yes
configure:4384: checking whether struct tm is in sys/time.h or time.h
configure:4404: gcc -c -g -O2  conftest.c >&5
configure:4404: $? = 0
configure:4411: result: time.h
configure:4423: checking for working alloca.h
configure:4440: gcc -o conftest -g -O2   conftest.c  >&5
configure:4440: $? = 0
configure:4448: result: yes
configure:4456: checking for alloca
configure:4493: gcc -o conftest -g -O2   conftest.c  >&5
configure:4493: $? = 0
configure:4501: result: yes
configure:4611: checking for pid_t
configure:4611: gcc -c -g -O2  conftest.c >&5
configure:4611: $? = 0
configure:4611: gcc -c -g -O2  conftest.c >&5
conftest.c: In function 'main':
conftest.c:69: error: expected expression before ')' token
configure:4611: $? = 1
configure: failed program was:
| /* confdefs.h */
| #define PACKAGE_NAME "didiwiki"
| #define PACKAGE_TARNAME "didiwiki"
| #define PACKAGE_VERSION "1.7.0"
| #define PACKAGE_STRING "didiwiki 1.7.0"
| #define PACKAGE_BUGREPORT "texlexan@gmail.com"
| #define PACKAGE_URL ""
| #define PACKAGE "didiwiki"
| #define VERSION "1.7.0"
| #define HAVE_DIRENT_H 1
| #define STDC_HEADERS 1
| #define HAVE_SYS_WAIT_H 1
| #define HAVE_SYS_TYPES_H 1
| #define HAVE_SYS_STAT_H 1
| #define HAVE_STDLIB_H 1
| #define HAVE_STRING_H 1
| #define HAVE_MEMORY_H 1
| #define HAVE_STRINGS_H 1
| #define HAVE_INTTYPES_H 1
| #define HAVE_STDINT_H 1
| #define HAVE_UNISTD_H 1
| #define HAVE_ARPA_INET_H 1
| #define HAVE_NETINET_IN_H 1
| #define HAVE_STDLIB_H 1
| #define HAVE_STRING_H 1
| #define HAVE_SYS_SOCKET_H 1
| #define HAVE_SYS_TIME_H 1
| #define HAVE_UNISTD_H 1
| #define TIME_WITH_SYS_TIME 1
| #define HAVE_ALLOCA_H 1
| #define HAVE_ALLOCA 1
| /* end confdefs.h.  */
| #include <stdio.h>
| #ifdef HAVE_SYS_TYPES_H
| # include <sys/types.h>
| #endif
| #ifdef HAVE_SYS_STAT_H
| # include <sys/stat.h>
| #endif
| #ifdef STDC_HEADERS
| # include <stdlib.h>
| # include <stddef.h>
| #else
| # ifdef HAVE_STDLIB_H
| #  include <stdlib.h>
| # endif
| #endif
| #ifdef HAVE_STRING_H
| # if !defined STDC_HEADERS && defined HAVE_MEMORY_H
| #  include <memory.h>
| # endif
| # include <string.h>
| #endif
| #ifdef HAVE_STRINGS_H
| # include <strings.h>
| #endif
| #ifdef HAVE_INTTYPES_H
| # include <inttypes.h>
| #endif
| #ifdef HAVE_STDINT_H
| # include <stdint.h>
| #endif
| #ifdef HAVE_UNISTD_H
| # include <unistd.h>
| #endif
| int
| main ()
| {
| if (sizeof ((pid_t)))
| 	    return 0;
|   ;
|   return 0;
| }
configure:4611: result: yes
configure:4624: checking vfork.h usability
configure:4624: gcc -c -g -O2  conftest.c >&5
conftest.c:66:19: error: vfork.h: No such file or directory
configure:4624: $? = 1
configure: failed program was:
| /* confdefs.h */
| #define PACKAGE_NAME "didiwiki"
| #define PACKAGE_TARNAME "didiwiki"
| #define PACKAGE_VERSION "1.7.0"
| #define PACKAGE_STRING "didiwiki 1.7.0"
| #define PACKAGE_BUGREPORT "texlexan@gmail.com"
| #define PACKAGE_URL ""
| #define PACKAGE "didiwiki"
| #define VERSION "1.7.0"
| #define HAVE_DIRENT_H 1
| #define STDC_HEADERS 1
| #define HAVE_SYS_WAIT_H 1
| #define HAVE_SYS_TYPES_H 1
| #define HAVE_SYS_STAT_H 1
| #define HAVE_STDLIB_H 1
| #define HAVE_STRING_H 1
| #define HAVE_MEMORY_H 1
| #define HAVE_STRINGS_H 1
| #define HAVE_INTTYPES_H 1
| #define HAVE_STDINT_H 1
| #define HAVE_UNISTD_H 1
| #define HAVE_ARPA_INET_H 1
| #define HAVE_NETINET_IN_H 1
| #define HAVE_STDLIB_H 1
| #define HAVE_STRING_H 1
| #define HAVE_SYS_SOCKET_H 1
| #define HAVE_SYS_TIME_H 1
| #define HAVE_UNISTD_H 1
| #define TIME_WITH_SYS_TIME 1
| #define HAVE_ALLOCA_H 1
| #define HAVE_ALLOCA 1
| /* end confdefs.h.  */
| #include <stdio.h>
| #ifdef HAVE_SYS_TYPES_H
| # include <sys/types.h>
| #endif
| #ifdef HAVE_SYS_STAT_H
| # include <sys/stat.h>
| #endif
| #ifdef STDC_HEADERS
| # include <stdlib.h>
| # include <stddef.h>
| #else
| # ifdef HAVE_STDLIB_H
| #  include <stdlib.h>
| # endif
| #endif
| #ifdef HAVE_STRING_H
| # if !defined STDC_HEADERS && defined HAVE_MEMORY_H
| #  include <memory.h>
| # endif
| # include <string.h>
| #endif
| #ifdef HAVE_STRINGS_H
| # include <strings.h>
| #endif
| #ifdef HAVE_INTTYPES_H
| # include <inttypes.h>
| #endif
| #ifdef HAVE_STDINT_H
| # include <stdint.h>
| #endif
| #ifdef HAVE_UNISTD_H
| # include <unistd.h>
| #endif
| #include <vfork.h>
configure:4624: result: no
configure:4624: checking vfork.h presence
configure:4624: gcc -E  conftest.c
conftest.c:33:19: error: vfork.h: No such file or directory
configure:4624: $? = 1
configure: failed program was:
| /* confdefs.h */
| #define PACKAGE_NAME "didiwiki"
| #define PACKAGE_TARNAME "didiwiki"
| #define PACKAGE_VERSION "1.7.0"
| #define PACKAGE_STRING "didiwiki 1.7.0"
| #define PACKAGE_BUGREPORT "texlexan@gmail.com"
| #define PACKAGE_URL ""
| #define PACKAGE "didiwiki"
| #define VERSION "1.7.0"
| #define HAVE_DIRENT_H 1
| #define STDC_HEADERS 1
| #define HAVE_SYS_WAIT_H 1
| #define HAVE_SYS_TYPES_H 1
| #define HAVE_SYS_STAT_H 1
| #define HAVE_STDLIB_H 1
| #define HAVE_STRING_H 1
| #define HAVE_MEMORY_H 1
| #define HAVE_STRINGS_H 1
| #define HAVE_INTTYPES_H 1
| #define HAVE_STDINT_H 1
| #define HAVE_UNISTD_H 1
| #define HAVE_ARPA_INET_H 1
| #define HAVE_NETINET_IN_H 1
| #define HAVE_STDLIB_H 1
| #define HAVE_STRING_H 1
| #define HAVE_SYS_SOCKET_H 1
| #define HAVE_SYS_TIME_H 1
| #define HAVE_UNISTD_H 1
| #define TIME_WITH_SYS_TIME 1
| #define HAVE_ALLOCA_H 1
| #define HAVE_ALLOCA 1
| /* end confdefs.h.  */
| #include <vfork.h>
configure:4624: result: no
configure:4624: checking for vfork.h
configure:4624: result: no
configure:4637: checking for fork
configure:4637: gcc -o conftest -g -O2   conftest.c  >&5
conftest.c:56: warning: conflicting types for built-in function 'fork'
configure:4637: $? = 0
configure:4637: result: yes
configure:4637: checking for vfork
configure:4637: gcc -o conftest -g -O2   conftest.c  >&5
configure:4637: $? = 0
configure:4637: result: yes
configure:4648: checking for working fork
configure:4670: gcc -o conftest -g -O2   conftest.c  >&5
configure:4670: $? = 0
configure:4670: ./conftest
configure:4670: $? = 0
configure:4680: result: yes
configure:4701: checking for working vfork
configure:4811: result: yes
configure:4839: checking sys/select.h usability
configure:4839: gcc -c -g -O2  conftest.c >&5
configure:4839: $? = 0
configure:4839: result: yes
configure:4839: checking sys/select.h presence
configure:4839: gcc -E  conftest.c
configure:4839: $? = 0
configure:4839: result: yes
configure:4839: checking for sys/select.h
configure:4839: result: yes
configure:4839: checking for sys/socket.h
configure:4839: result: yes
configure:4850: checking types of arguments for select
configure:4878: gcc -c -g -O2  conftest.c >&5
configure:4878: $? = 0
configure:4889: result: int,fd_set *,struct timeval *
configure:4912: checking whether lstat correctly handles trailing slash
configure:4938: gcc -o conftest -g -O2   conftest.c  >&5
configure:4938: $? = 0
configure:4938: ./conftest
configure:4938: $? = 0
configure:4955: result: yes
configure:4974: checking whether stat accepts an empty string
configure:4994: gcc -o conftest -g -O2   conftest.c  >&5
configure:4994: $? = 0
configure:4994: ./conftest
configure:4994: $? = 0
configure:5004: result: no
configure:5022: checking for strftime
configure:5022: gcc -o conftest -g -O2   conftest.c  >&5
conftest.c:66: warning: conflicting types for built-in function 'strftime'
configure:5022: $? = 0
configure:5022: result: yes
configure:5078: checking for asprintf
configure:5078: gcc -o conftest -g -O2   conftest.c  >&5
configure:5078: $? = 0
configure:5078: result: yes
configure:5078: checking for inet_ntoa
configure:5078: gcc -o conftest -g -O2   conftest.c  >&5
configure:5078: $? = 0
configure:5078: result: yes
configure:5078: checking for memset
configure:5078: gcc -o conftest -g -O2   conftest.c  >&5
conftest.c:69: warning: conflicting types for built-in function 'memset'
configure:5078: $? = 0
configure:5078: result: yes
configure:5078: checking for mkdir
configure:5078: gcc -o conftest -g -O2   conftest.c  >&5
configure:5078: $? = 0
configure:5078: result: yes
configure:5078: checking for putenv
configure:5078: gcc -o conftest -g -O2   conftest.c  >&5
configure:5078: $? = 0
configure:5078: result: yes
configure:5078: checking for select
configure:5078: gcc -o conftest -g -O2   conftest.c  >&5
configure:5078: $? = 0
configure:5078: result: yes
configure:5078: checking for socket
configure:5078: gcc -o conftest -g -O2   conftest.c  >&5
configure:5078: $? = 0
configure:5078: result: yes
configure:5078: checking for strdup
configure:5078: gcc -o conftest -g -O2   conftest.c  >&5
conftest.c:74: warning: conflicting types for built-in function 'strdup'
configure:5078: $? = 0
configure:5078: result: yes
configure:5078: checking for strncasecmp
configure:5078: gcc -o conftest -g -O2   conftest.c  >&5
conftest.c:75: warning: conflicting types for built-in function 'strncasecmp'
configure:5078: $? = 0
configure:5078: result: yes
configure:5215: creating ./config.status

## ---------------------- ##
## Running config.status. ##
## ---------------------- ##

This file was extended by didiwiki config.status 1.7.0, which was
generated by GNU Autoconf 2.65.  Invocation command line was

  CONFIG_FILES    = 
  CONFIG_HEADERS  = 
  CONFIG_LINKS    = 
  CONFIG_COMMANDS = 
  $ ./config.status 

on jpr-laptop

config.status:885: creating Makefile
config.status:885: creating src/Makefile
config.status:885: creating config.h
config.status:1057: config.h is unchanged
config.status:1105: executing depfiles commands

## ---------------- ##
## Cache variables. ##
## ---------------- ##

ac_cv_c_compiler_gnu=yes
ac_cv_c_const=yes
ac_cv_env_CC_set=
ac_cv_env_CC_value=
ac_cv_env_CFLAGS_set=
ac_cv_env_CFLAGS_value=
ac_cv_env_CPPFLAGS_set=
ac_cv_env_CPPFLAGS_value=
ac_cv_env_CPP_set=
ac_cv_env_CPP_value=
ac_cv_env_LDFLAGS_set=
ac_cv_env_LDFLAGS_value=
ac_cv_env_LIBS_set=
ac_cv_env_LIBS_value=
ac_cv_env_build_alias_set=
ac_cv_env_build_alias_value=
ac_cv_env_host_alias_set=
ac_cv_env_host_alias_value=
ac_cv_env_target_alias_set=
ac_cv_env_target_alias_value=
ac_cv_func_alloca_works=yes
ac_cv_func_asprintf=yes
ac_cv_func_fork=yes
ac_cv_func_fork_works=yes
ac_cv_func_inet_ntoa=yes
ac_cv_func_lstat_dereferences_slashed_symlink=yes
ac_cv_func_memset=yes
ac_cv_func_mkdir=yes
ac_cv_func_putenv=yes
ac_cv_func_select=yes
ac_cv_func_select_args='int,fd_set *,struct timeval *'
ac_cv_func_socket=yes
ac_cv_func_stat_empty_string_bug=no
ac_cv_func_strdup=yes
ac_cv_func_strftime=yes
ac_cv_func_strncasecmp=yes
ac_cv_func_vfork=yes
ac_cv_func_vfork_works=yes
ac_cv_header_arpa_inet_h=yes
ac_cv_header_dirent_dirent_h=yes
ac_cv_header_inttypes_h=yes
ac_cv_header_memory_h=yes
ac_cv_header_netinet_in_h=yes
ac_cv_header_stdc=yes
ac_cv_header_stdint_h=yes
ac_cv_header_stdlib_h=yes
ac_cv_header_string_h=yes
ac_cv_header_strings_h=yes
ac_cv_header_sys_select_h=yes
ac_cv_header_sys_socket_h=yes
ac_cv_header_sys_stat_h=yes
ac_cv_header_sys_time_h=yes
ac_cv_header_sys_types_h=yes
ac_cv_header_sys_wait_h=yes
ac_cv_header_time=yes
ac_cv_header_unistd_h=yes
ac_cv_header_vfork_h=no
ac_cv_objext=o
ac_cv_path_EGREP='/bin/grep -E'
ac_cv_path_GREP=/bin/grep
ac_cv_path_install='/usr/bin/install -c'
ac_cv_path_mkdir=/bin/mkdir
ac_cv_prog_AWK=gawk
ac_cv_prog_CPP='gcc -E'
ac_cv_prog_ac_ct_CC=gcc
ac_cv_prog_cc_c89=
ac_cv_prog_cc_g=yes
ac_cv_prog_make_make_set=yes
ac_cv_search_opendir='none required'
ac_cv_struct_tm=time.h
ac_cv_type_pid_t=yes
ac_cv_working_alloca_h=yes
am_cv_CC_dependencies_compiler_type=gcc3

## ----------------- ##
## Output variables. ##
## ----------------- ##

ACLOCAL='${SHELL} /home/jpr/wiki/ciwiki-1.7.0/missing --run aclocal-1.11'
ALLOCA=''
AMDEPBACKSLASH='\'
AMDEP_FALSE='#'
AMDEP_TRUE=''
AMTAR='${SHELL} /home/jpr/wiki/ciwiki-1.7.0/missing --run tar'
AUTOCONF='${SHELL} /home/jpr/wiki/ciwiki-1.7.0/missing --run autoconf'
AUTOHEADER='${SHELL} /home/jpr/wiki/ciwiki-1.7.0/missing --run autoheader'
AUTOMAKE='${SHELL} /home/jpr/wiki/ciwiki-1.7.0/missing --run automake-1.11'
AWK='gawk'
CC='gcc'
CCDEPMODE='depmode=gcc3'
CFLAGS='-g -O2'
CPP='gcc -E'
CPPFLAGS=''
CYGPATH_W='echo'
DEFS='-DHAVE_CONFIG_H'
DEPDIR='.deps'
ECHO_C=''
ECHO_N='-n'
ECHO_T=''
EGREP='/bin/grep -E'
EXEEXT=''
GCC_FLAGS='-g -Wall -fno-strict-aliasing'
GREP='/bin/grep'
INSTALL_DATA='${INSTALL} -m 644'
INSTALL_PROGRAM='${INSTALL}'
INSTALL_SCRIPT='${INSTALL}'
INSTALL_STRIP_PROGRAM='$(install_sh) -c -s'
LDFLAGS=''
LIBOBJS=''
LIBS=''
LTLIBOBJS=''
MAKEINFO='${SHELL} /home/jpr/wiki/ciwiki-1.7.0/missing --run makeinfo'
MKDIR_P='/bin/mkdir -p'
OBJEXT='o'
PACKAGE='didiwiki'
PACKAGE_BUGREPORT='texlexan@gmail.com'
PACKAGE_NAME='didiwiki'
PACKAGE_STRING='didiwiki 1.7.0'
PACKAGE_TARNAME='didiwiki'
PACKAGE_URL=''
PACKAGE_VERSION='1.7.0'
PATH_SEPARATOR=':'
SET_MAKE=''
SHELL='/bin/bash'
STRIP=''
VERSION='1.7.0'
ac_ct_CC='gcc'
am__EXEEXT_FALSE=''
am__EXEEXT_TRUE='#'
am__fastdepCC_FALSE='#'
am__fastdepCC_TRUE=''
am__include='include'
am__isrc=''
am__leading_dot='.'
am__quote=''
am__tar='${AMTAR} chof - "$$tardir"'
am__untar='${AMTAR} xf -'
bindir='${exec_prefix}/bin'
build_alias=''
datadir='${datarootdir}'
datarootdir='${prefix}/share'
docdir='${datarootdir}/doc/${PACKAGE_TARNAME}'
dvidir='${docdir}'
exec_prefix='${prefix}'
host_alias=''
htmldir='${docdir}'
includedir='${prefix}/include'
infodir='${datarootdir}/info'
install_sh='${SHELL} /home/jpr/wiki/ciwiki-1.7.0/install-sh'
libdir='${exec_prefix}/lib'
libexecdir='${exec_prefix}/libexec'
localedir='${datarootdir}/locale'
localstatedir='${prefix}/var'
mandir='${datarootdir}/man'
mkdir_p='/bin/mkdir -p'
oldincludedir='/usr/include'
pdfdir='${docdir}'
prefix='/usr/local'
program_transform_name='s,x,x,'
psdir='${docdir}'
sbindir='${exec_prefix}/sbin'
sharedstatedir='${prefix}/com'
sysconfdir='${prefix}/etc'
target_alias=''

## ----------- ##
## confdefs.h. ##
## ----------- ##

/* confdefs.h */
#define PACKAGE_NAME "didiwiki"
#define PACKAGE_TARNAME "didiwiki"
#define PACKAGE_VERSION "1.7.0"
#define PACKAGE_STRING "didiwiki 1.7.0"
#define PACKAGE_BUGREPORT "texlexan@gmail.com"
#define PACKAGE_URL ""
#define PACKAGE "didiwiki"
#define VERSION "1.7.0"
#define HAVE_DIRENT_H 1
#define STDC_HEADERS 1
#define HAVE_SYS_WAIT_H 1
#define HAVE_SYS_TYPES_H 1
#define HAVE_SYS_STAT_H 1
#define HAVE_STDLIB_H 1
#define HAVE_STRING_H 1
#define HAVE_MEMORY_H 1
#define HAVE_STRINGS_H 1
#define HAVE_INTTYPES_H 1
#define HAVE_STDINT_H 1
#define HAVE_UNISTD_H 1
#define HAVE_ARPA_INET_H 1
#define HAVE_NETINET_IN_H 1
#define HAVE_STDLIB_H 1
#define HAVE_STRING_H 1
#define HAVE_SYS_SOCKET_H 1
#define HAVE_SYS_TIME_H 1
#define HAVE_UNISTD_H 1
#define TIME_WITH_SYS_TIME 1
#define HAVE_ALLOCA_H 1
#define HAVE_ALLOCA 1
#define HAVE_FORK 1
#define HAVE_VFORK 1
#define HAVE_WORKING_VFORK 1
#define HAVE_WORKING_FORK 1
#define HAVE_SYS_SELECT_H 1
#define HAVE_SYS_SOCKET_H 1
#define SELECT_TYPE_ARG1 int
#define SELECT_TYPE_ARG234 (fd_set *)
#define SELECT_TYPE_ARG5 (struct timeval *)
#define LSTAT_FOLLOWS_SLASHED_SYMLINK 1
#define HAVE_STRFTIME 1
#define HAVE_ASPRINTF 1
#define HAVE_INET_NTOA 1
#define HAVE_MEMSET 1
#define HAVE_MKDIR 1
#define HAVE_PUTENV 1
#define HAVE_SELECT 1
#define HAVE_SOCKET 1
#define HAVE_STRDUP 1
#define HAVE_STRNCASECMP 1

configure: exit 0
