This file contains any messages produced by compilers while
running configure, to aid debugging if configure makes a mistake.

It was created by wiki4freetz configure 1.7.1, which was
generated by GNU Autoconf 2.69.  Invocation command line was

  $ ./configure 

## --------- ##
## Platform. ##
## --------- ##

hostname = scaleo
uname -m = x86_64
uname -r = 3.7.0-rc8
uname -s = Linux
uname -v = #4 SMP Tue Dec 18 12:44:18 CET 2012

/usr/bin/uname -p = unknown
/bin/uname -X     = unknown

/bin/arch              = unknown
/usr/bin/arch -k       = unknown
/usr/convex/getsysinfo = unknown
/usr/bin/hostinfo      = unknown
/bin/machine           = unknown
/usr/bin/oslevel       = unknown
/bin/universe          = unknown

PATH: /home/the/bin
PATH: /usr/local/bin
PATH: /usr/bin
PATH: /bin
PATH: /usr/local/games
PATH: /usr/games


## ----------- ##
## Core tests. ##
## ----------- ##

configure:2283: checking for a BSD-compatible install
configure:2351: result: /usr/bin/install -c
configure:2362: checking whether build environment is sane
configure:2412: result: yes
configure:2553: checking for a thread-safe mkdir -p
configure:2592: result: /bin/mkdir -p
configure:2605: checking for gawk
configure:2621: found /usr/bin/gawk
configure:2632: result: gawk
configure:2643: checking whether make sets $(MAKE)
configure:2665: result: yes
configure:2809: checking for g++
configure:2825: found /usr/bin/g++
configure:2836: result: g++
configure:2863: checking for C++ compiler version
configure:2872: g++ --version >&5
g++ (Debian 4.7.2-5) 4.7.2
Copyright (C) 2012 Free Software Foundation, Inc.
This is free software; see the source for copying conditions.  There is NO
warranty; not even for MERCHANTABILITY or FITNESS FOR A PARTICULAR PURPOSE.

configure:2883: $? = 0
configure:2872: g++ -v >&5
Using built-in specs.
COLLECT_GCC=g++
COLLECT_LTO_WRAPPER=/usr/lib/gcc/x86_64-linux-gnu/4.7/lto-wrapper
Target: x86_64-linux-gnu
Configured with: ../src/configure -v --with-pkgversion='Debian 4.7.2-5' --with-bugurl=file:///usr/share/doc/gcc-4.7/README.Bugs --enable-languages=c,c++,go,fortran,objc,obj-c++ --prefix=/usr --program-suffix=-4.7 --enable-shared --enable-linker-build-id --with-system-zlib --libexecdir=/usr/lib --without-included-gettext --enable-threads=posix --with-gxx-include-dir=/usr/include/c++/4.7 --libdir=/usr/lib --enable-nls --with-sysroot=/ --enable-clocale=gnu --enable-libstdcxx-debug --enable-libstdcxx-time=yes --enable-gnu-unique-object --enable-plugin --enable-objc-gc --with-arch-32=i586 --with-tune=generic --enable-checking=release --build=x86_64-linux-gnu --host=x86_64-linux-gnu --target=x86_64-linux-gnu
Thread model: posix
gcc version 4.7.2 (Debian 4.7.2-5) 
configure:2883: $? = 0
configure:2872: g++ -V >&5
g++: error: unrecognized command line option '-V'
g++: fatal error: no input files
compilation terminated.
configure:2883: $? = 4
configure:2872: g++ -qversion >&5
g++: error: unrecognized command line option '-qversion'
g++: fatal error: no input files
compilation terminated.
configure:2883: $? = 4
configure:2903: checking whether the C++ compiler works
configure:2925: g++    conftest.cpp  >&5
configure:2929: $? = 0
configure:2977: result: yes
configure:2980: checking for C++ compiler default output file name
configure:2982: result: a.out
configure:2988: checking for suffix of executables
configure:2995: g++ -o conftest    conftest.cpp  >&5
configure:2999: $? = 0
configure:3021: result: 
configure:3043: checking whether we are cross compiling
configure:3051: g++ -o conftest    conftest.cpp  >&5
configure:3055: $? = 0
configure:3062: ./conftest
configure:3066: $? = 0
configure:3081: result: no
configure:3086: checking for suffix of object files
configure:3108: g++ -c   conftest.cpp >&5
configure:3112: $? = 0
configure:3133: result: o
configure:3137: checking whether we are using the GNU C++ compiler
configure:3156: g++ -c   conftest.cpp >&5
configure:3156: $? = 0
configure:3165: result: yes
configure:3174: checking whether g++ accepts -g
configure:3194: g++ -c -g  conftest.cpp >&5
configure:3194: $? = 0
configure:3235: result: yes
configure:3269: checking for style of include used by make
configure:3297: result: GNU
configure:3323: checking dependency style of g++
configure:3434: result: gcc3
configure:3497: checking for gcc
configure:3513: found /usr/bin/gcc
configure:3524: result: gcc
configure:3753: checking for C compiler version
configure:3762: gcc --version >&5
gcc (Debian 4.7.2-5) 4.7.2
Copyright (C) 2012 Free Software Foundation, Inc.
This is free software; see the source for copying conditions.  There is NO
warranty; not even for MERCHANTABILITY or FITNESS FOR A PARTICULAR PURPOSE.

configure:3773: $? = 0
configure:3762: gcc -v >&5
Using built-in specs.
COLLECT_GCC=gcc
COLLECT_LTO_WRAPPER=/usr/lib/gcc/x86_64-linux-gnu/4.7/lto-wrapper
Target: x86_64-linux-gnu
Configured with: ../src/configure -v --with-pkgversion='Debian 4.7.2-5' --with-bugurl=file:///usr/share/doc/gcc-4.7/README.Bugs --enable-languages=c,c++,go,fortran,objc,obj-c++ --prefix=/usr --program-suffix=-4.7 --enable-shared --enable-linker-build-id --with-system-zlib --libexecdir=/usr/lib --without-included-gettext --enable-threads=posix --with-gxx-include-dir=/usr/include/c++/4.7 --libdir=/usr/lib --enable-nls --with-sysroot=/ --enable-clocale=gnu --enable-libstdcxx-debug --enable-libstdcxx-time=yes --enable-gnu-unique-object --enable-plugin --enable-objc-gc --with-arch-32=i586 --with-tune=generic --enable-checking=release --build=x86_64-linux-gnu --host=x86_64-linux-gnu --target=x86_64-linux-gnu
Thread model: posix
gcc version 4.7.2 (Debian 4.7.2-5) 
configure:3773: $? = 0
configure:3762: gcc -V >&5
gcc: error: unrecognized command line option '-V'
gcc: fatal error: no input files
compilation terminated.
configure:3773: $? = 4
configure:3762: gcc -qversion >&5
gcc: error: unrecognized command line option '-qversion'
gcc: fatal error: no input files
compilation terminated.
configure:3773: $? = 4
configure:3777: checking whether we are using the GNU C compiler
configure:3796: gcc -c   conftest.c >&5
configure:3796: $? = 0
configure:3805: result: yes
configure:3814: checking whether gcc accepts -g
configure:3834: gcc -c -g  conftest.c >&5
configure:3834: $? = 0
configure:3875: result: yes
configure:3892: checking for gcc option to accept ISO C89
configure:3955: gcc  -c -g -O2  conftest.c >&5
configure:3955: $? = 0
configure:3968: result: none needed
configure:3990: checking dependency style of gcc
configure:4101: result: gcc3
configure:4117: checking whether make sets $(MAKE)
configure:4139: result: yes
configure:4158: checking how to run the C preprocessor
configure:4189: gcc -E  conftest.c
configure:4189: $? = 0
configure:4203: gcc -E  conftest.c
conftest.c:11:28: fatal error: ac_nonexistent.h: No such file or directory
compilation terminated.
configure:4203: $? = 1
configure: failed program was:
| /* confdefs.h */
| #define PACKAGE_NAME "wiki4freetz"
| #define PACKAGE_TARNAME "wiki4freetz"
| #define PACKAGE_VERSION "1.7.1"
| #define PACKAGE_STRING "wiki4freetz 1.7.1"
| #define PACKAGE_BUGREPORT "thpost@gmx.net"
| #define PACKAGE_URL ""
| #define PACKAGE "wiki4freetz"
| #define VERSION "1.7.1"
| /* end confdefs.h.  */
| #include <ac_nonexistent.h>
configure:4228: result: gcc -E
configure:4248: gcc -E  conftest.c
configure:4248: $? = 0
configure:4262: gcc -E  conftest.c
conftest.c:11:28: fatal error: ac_nonexistent.h: No such file or directory
compilation terminated.
configure:4262: $? = 1
configure: failed program was:
| /* confdefs.h */
| #define PACKAGE_NAME "wiki4freetz"
| #define PACKAGE_TARNAME "wiki4freetz"
| #define PACKAGE_VERSION "1.7.1"
| #define PACKAGE_STRING "wiki4freetz 1.7.1"
| #define PACKAGE_BUGREPORT "thpost@gmx.net"
| #define PACKAGE_URL ""
| #define PACKAGE "wiki4freetz"
| #define VERSION "1.7.1"
| /* end confdefs.h.  */
| #include <ac_nonexistent.h>
configure:4291: checking for grep that handles long lines and -e
configure:4349: result: /bin/grep
configure:4354: checking for egrep
configure:4416: result: /bin/grep -E
configure:4421: checking for ANSI C header files
configure:4441: gcc -c -g -O2  conftest.c >&5
configure:4441: $? = 0
configure:4514: gcc -o conftest -g -O2   conftest.c  >&5
configure:4514: $? = 0
configure:4514: ./conftest
configure:4514: $? = 0
configure:4525: result: yes
configure:4538: checking for sys/types.h
configure:4538: gcc -c -g -O2  conftest.c >&5
configure:4538: $? = 0
configure:4538: result: yes
configure:4538: checking for sys/stat.h
configure:4538: gcc -c -g -O2  conftest.c >&5
configure:4538: $? = 0
configure:4538: result: yes
configure:4538: checking for stdlib.h
configure:4538: gcc -c -g -O2  conftest.c >&5
configure:4538: $? = 0
configure:4538: result: yes
configure:4538: checking for string.h
configure:4538: gcc -c -g -O2  conftest.c >&5
configure:4538: $? = 0
configure:4538: result: yes
configure:4538: checking for memory.h
configure:4538: gcc -c -g -O2  conftest.c >&5
configure:4538: $? = 0
configure:4538: result: yes
configure:4538: checking for strings.h
configure:4538: gcc -c -g -O2  conftest.c >&5
configure:4538: $? = 0
configure:4538: result: yes
configure:4538: checking for inttypes.h
configure:4538: gcc -c -g -O2  conftest.c >&5
configure:4538: $? = 0
configure:4538: result: yes
configure:4538: checking for stdint.h
configure:4538: gcc -c -g -O2  conftest.c >&5
configure:4538: $? = 0
configure:4538: result: yes
configure:4538: checking for unistd.h
configure:4538: gcc -c -g -O2  conftest.c >&5
configure:4538: $? = 0
configure:4538: result: yes
configure:4553: checking arpa/inet.h usability
configure:4553: gcc -c -g -O2  conftest.c >&5
configure:4553: $? = 0
configure:4553: result: yes
configure:4553: checking arpa/inet.h presence
configure:4553: gcc -E  conftest.c
configure:4553: $? = 0
configure:4553: result: yes
configure:4553: checking for arpa/inet.h
configure:4553: result: yes
configure:4553: checking netinet/in.h usability
configure:4553: gcc -c -g -O2  conftest.c >&5
configure:4553: $? = 0
configure:4553: result: yes
configure:4553: checking netinet/in.h presence
configure:4553: gcc -E  conftest.c
configure:4553: $? = 0
configure:4553: result: yes
configure:4553: checking for netinet/in.h
configure:4553: result: yes
configure:4553: checking for stdlib.h
configure:4553: result: yes
configure:4553: checking for string.h
configure:4553: result: yes
configure:4553: checking sys/socket.h usability
configure:4553: gcc -c -g -O2  conftest.c >&5
configure:4553: $? = 0
configure:4553: result: yes
configure:4553: checking sys/socket.h presence
configure:4553: gcc -E  conftest.c
configure:4553: $? = 0
configure:4553: result: yes
configure:4553: checking for sys/socket.h
configure:4553: result: yes
configure:4553: checking sys/time.h usability
configure:4553: gcc -c -g -O2  conftest.c >&5
configure:4553: $? = 0
configure:4553: result: yes
configure:4553: checking sys/time.h presence
configure:4553: gcc -E  conftest.c
configure:4553: $? = 0
configure:4553: result: yes
configure:4553: checking for sys/time.h
configure:4553: result: yes
configure:4553: checking sys/timeb.h usability
configure:4553: gcc -c -g -O2  conftest.c >&5
configure:4553: $? = 0
configure:4553: result: yes
configure:4553: checking sys/timeb.h presence
configure:4553: gcc -E  conftest.c
configure:4553: $? = 0
configure:4553: result: yes
configure:4553: checking for sys/timeb.h
configure:4553: result: yes
configure:4553: checking syslog.h usability
configure:4553: gcc -c -g -O2  conftest.c >&5
configure:4553: $? = 0
configure:4553: result: yes
configure:4553: checking syslog.h presence
configure:4553: gcc -E  conftest.c
configure:4553: $? = 0
configure:4553: result: yes
configure:4553: checking for syslog.h
configure:4553: result: yes
configure:4553: checking for unistd.h
configure:4553: result: yes
configure:4565: checking for pid_t
configure:4565: gcc -c -g -O2  conftest.c >&5
configure:4565: $? = 0
configure:4565: gcc -c -g -O2  conftest.c >&5
conftest.c: In function 'main':
conftest.c:66:20: error: expected expression before ')' token
configure:4565: $? = 1
configure: failed program was:
| /* confdefs.h */
| #define PACKAGE_NAME "wiki4freetz"
| #define PACKAGE_TARNAME "wiki4freetz"
| #define PACKAGE_VERSION "1.7.1"
| #define PACKAGE_STRING "wiki4freetz 1.7.1"
| #define PACKAGE_BUGREPORT "thpost@gmx.net"
| #define PACKAGE_URL ""
| #define PACKAGE "wiki4freetz"
| #define VERSION "1.7.1"
| #define STDC_HEADERS 1
| #define HAVE_SYS_TYPES_H 1
| #define HAVE_SYS_STAT_H 1
| #define HAVE_STDLIB_H 1
| #define HAVE_STRING_H 1
| #define HAVE_MEMORY_H 1
| #define HAVE_STRINGS_H 1
| #define HAVE_INTTYPES_H 1
| #define HAVE_STDINT_H 1
| #define HAVE_UNISTD_H 1
| #define HAVE_ARPA_INET_H 1
| #define HAVE_NETINET_IN_H 1
| #define HAVE_STDLIB_H 1
| #define HAVE_STRING_H 1
| #define HAVE_SYS_SOCKET_H 1
| #define HAVE_SYS_TIME_H 1
| #define HAVE_SYS_TIMEB_H 1
| #define HAVE_SYSLOG_H 1
| #define HAVE_UNISTD_H 1
| /* end confdefs.h.  */
| #include <stdio.h>
| #ifdef HAVE_SYS_TYPES_H
| # include <sys/types.h>
| #endif
| #ifdef HAVE_SYS_STAT_H
| # include <sys/stat.h>
| #endif
| #ifdef STDC_HEADERS
| # include <stdlib.h>
| # include <stddef.h>
| #else
| # ifdef HAVE_STDLIB_H
| #  include <stdlib.h>
| # endif
| #endif
| #ifdef HAVE_STRING_H
| # if !defined STDC_HEADERS && defined HAVE_MEMORY_H
| #  include <memory.h>
| # endif
| # include <string.h>
| #endif
| #ifdef HAVE_STRINGS_H
| # include <strings.h>
| #endif
| #ifdef HAVE_INTTYPES_H
| # include <inttypes.h>
| #endif
| #ifdef HAVE_STDINT_H
| # include <stdint.h>
| #endif
| #ifdef HAVE_UNISTD_H
| # include <unistd.h>
| #endif
| int
| main ()
| {
| if (sizeof ((pid_t)))
| 	    return 0;
|   ;
|   return 0;
| }
configure:4565: result: yes
configure:4576: checking for stdbool.h that conforms to C99
configure:4643: gcc -c -g -O2  conftest.c >&5
configure:4643: $? = 0
configure:4650: result: yes
configure:4652: checking for _Bool
configure:4652: gcc -c -g -O2  conftest.c >&5
configure:4652: $? = 0
configure:4652: gcc -c -g -O2  conftest.c >&5
conftest.c: In function 'main':
conftest.c:66:20: error: expected expression before ')' token
configure:4652: $? = 1
configure: failed program was:
| /* confdefs.h */
| #define PACKAGE_NAME "wiki4freetz"
| #define PACKAGE_TARNAME "wiki4freetz"
| #define PACKAGE_VERSION "1.7.1"
| #define PACKAGE_STRING "wiki4freetz 1.7.1"
| #define PACKAGE_BUGREPORT "thpost@gmx.net"
| #define PACKAGE_URL ""
| #define PACKAGE "wiki4freetz"
| #define VERSION "1.7.1"
| #define STDC_HEADERS 1
| #define HAVE_SYS_TYPES_H 1
| #define HAVE_SYS_STAT_H 1
| #define HAVE_STDLIB_H 1
| #define HAVE_STRING_H 1
| #define HAVE_MEMORY_H 1
| #define HAVE_STRINGS_H 1
| #define HAVE_INTTYPES_H 1
| #define HAVE_STDINT_H 1
| #define HAVE_UNISTD_H 1
| #define HAVE_ARPA_INET_H 1
| #define HAVE_NETINET_IN_H 1
| #define HAVE_STDLIB_H 1
| #define HAVE_STRING_H 1
| #define HAVE_SYS_SOCKET_H 1
| #define HAVE_SYS_TIME_H 1
| #define HAVE_SYS_TIMEB_H 1
| #define HAVE_SYSLOG_H 1
| #define HAVE_UNISTD_H 1
| /* end confdefs.h.  */
| #include <stdio.h>
| #ifdef HAVE_SYS_TYPES_H
| # include <sys/types.h>
| #endif
| #ifdef HAVE_SYS_STAT_H
| # include <sys/stat.h>
| #endif
| #ifdef STDC_HEADERS
| # include <stdlib.h>
| # include <stddef.h>
| #else
| # ifdef HAVE_STDLIB_H
| #  include <stdlib.h>
| # endif
| #endif
| #ifdef HAVE_STRING_H
| # if !defined STDC_HEADERS && defined HAVE_MEMORY_H
| #  include <memory.h>
| # endif
| # include <string.h>
| #endif
| #ifdef HAVE_STRINGS_H
| # include <strings.h>
| #endif
| #ifdef HAVE_INTTYPES_H
| # include <inttypes.h>
| #endif
| #ifdef HAVE_STDINT_H
| # include <stdint.h>
| #endif
| #ifdef HAVE_UNISTD_H
| # include <unistd.h>
| #endif
| int
| main ()
| {
| if (sizeof ((_Bool)))
| 	    return 0;
|   ;
|   return 0;
| }
configure:4652: result: yes
configure:4665: checking for size_t
configure:4665: gcc -c -g -O2  conftest.c >&5
configure:4665: $? = 0
configure:4665: gcc -c -g -O2  conftest.c >&5
conftest.c: In function 'main':
conftest.c:67:21: error: expected expression before ')' token
configure:4665: $? = 1
configure: failed program was:
| /* confdefs.h */
| #define PACKAGE_NAME "wiki4freetz"
| #define PACKAGE_TARNAME "wiki4freetz"
| #define PACKAGE_VERSION "1.7.1"
| #define PACKAGE_STRING "wiki4freetz 1.7.1"
| #define PACKAGE_BUGREPORT "thpost@gmx.net"
| #define PACKAGE_URL ""
| #define PACKAGE "wiki4freetz"
| #define VERSION "1.7.1"
| #define STDC_HEADERS 1
| #define HAVE_SYS_TYPES_H 1
| #define HAVE_SYS_STAT_H 1
| #define HAVE_STDLIB_H 1
| #define HAVE_STRING_H 1
| #define HAVE_MEMORY_H 1
| #define HAVE_STRINGS_H 1
| #define HAVE_INTTYPES_H 1
| #define HAVE_STDINT_H 1
| #define HAVE_UNISTD_H 1
| #define HAVE_ARPA_INET_H 1
| #define HAVE_NETINET_IN_H 1
| #define HAVE_STDLIB_H 1
| #define HAVE_STRING_H 1
| #define HAVE_SYS_SOCKET_H 1
| #define HAVE_SYS_TIME_H 1
| #define HAVE_SYS_TIMEB_H 1
| #define HAVE_SYSLOG_H 1
| #define HAVE_UNISTD_H 1
| #define HAVE__BOOL 1
| /* end confdefs.h.  */
| #include <stdio.h>
| #ifdef HAVE_SYS_TYPES_H
| # include <sys/types.h>
| #endif
| #ifdef HAVE_SYS_STAT_H
| # include <sys/stat.h>
| #endif
| #ifdef STDC_HEADERS
| # include <stdlib.h>
| # include <stddef.h>
| #else
| # ifdef HAVE_STDLIB_H
| #  include <stdlib.h>
| # endif
| #endif
| #ifdef HAVE_STRING_H
| # if !defined STDC_HEADERS && defined HAVE_MEMORY_H
| #  include <memory.h>
| # endif
| # include <string.h>
| #endif
| #ifdef HAVE_STRINGS_H
| # include <strings.h>
| #endif
| #ifdef HAVE_INTTYPES_H
| # include <inttypes.h>
| #endif
| #ifdef HAVE_STDINT_H
| # include <stdint.h>
| #endif
| #ifdef HAVE_UNISTD_H
| # include <unistd.h>
| #endif
| int
| main ()
| {
| if (sizeof ((size_t)))
| 	    return 0;
|   ;
|   return 0;
| }
configure:4665: result: yes
configure:4678: checking for working alloca.h
configure:4695: gcc -o conftest -g -O2   conftest.c  >&5
configure:4695: $? = 0
configure:4703: result: yes
configure:4711: checking for alloca
configure:4748: gcc -o conftest -g -O2   conftest.c  >&5
configure:4748: $? = 0
configure:4756: result: yes
configure:4864: checking vfork.h usability
configure:4864: gcc -c -g -O2  conftest.c >&5
conftest.c:66:19: fatal error: vfork.h: No such file or directory
compilation terminated.
configure:4864: $? = 1
configure: failed program was:
| /* confdefs.h */
| #define PACKAGE_NAME "wiki4freetz"
| #define PACKAGE_TARNAME "wiki4freetz"
| #define PACKAGE_VERSION "1.7.1"
| #define PACKAGE_STRING "wiki4freetz 1.7.1"
| #define PACKAGE_BUGREPORT "thpost@gmx.net"
| #define PACKAGE_URL ""
| #define PACKAGE "wiki4freetz"
| #define VERSION "1.7.1"
| #define STDC_HEADERS 1
| #define HAVE_SYS_TYPES_H 1
| #define HAVE_SYS_STAT_H 1
| #define HAVE_STDLIB_H 1
| #define HAVE_STRING_H 1
| #define HAVE_MEMORY_H 1
| #define HAVE_STRINGS_H 1
| #define HAVE_INTTYPES_H 1
| #define HAVE_STDINT_H 1
| #define HAVE_UNISTD_H 1
| #define HAVE_ARPA_INET_H 1
| #define HAVE_NETINET_IN_H 1
| #define HAVE_STDLIB_H 1
| #define HAVE_STRING_H 1
| #define HAVE_SYS_SOCKET_H 1
| #define HAVE_SYS_TIME_H 1
| #define HAVE_SYS_TIMEB_H 1
| #define HAVE_SYSLOG_H 1
| #define HAVE_UNISTD_H 1
| #define HAVE__BOOL 1
| #define HAVE_ALLOCA_H 1
| #define HAVE_ALLOCA 1
| /* end confdefs.h.  */
| #include <stdio.h>
| #ifdef HAVE_SYS_TYPES_H
| # include <sys/types.h>
| #endif
| #ifdef HAVE_SYS_STAT_H
| # include <sys/stat.h>
| #endif
| #ifdef STDC_HEADERS
| # include <stdlib.h>
| # include <stddef.h>
| #else
| # ifdef HAVE_STDLIB_H
| #  include <stdlib.h>
| # endif
| #endif
| #ifdef HAVE_STRING_H
| # if !defined STDC_HEADERS && defined HAVE_MEMORY_H
| #  include <memory.h>
| # endif
| # include <string.h>
| #endif
| #ifdef HAVE_STRINGS_H
| # include <strings.h>
| #endif
| #ifdef HAVE_INTTYPES_H
| # include <inttypes.h>
| #endif
| #ifdef HAVE_STDINT_H
| # include <stdint.h>
| #endif
| #ifdef HAVE_UNISTD_H
| # include <unistd.h>
| #endif
| #include <vfork.h>
configure:4864: result: no
configure:4864: checking vfork.h presence
configure:4864: gcc -E  conftest.c
conftest.c:33:19: fatal error: vfork.h: No such file or directory
compilation terminated.
configure:4864: $? = 1
configure: failed program was:
| /* confdefs.h */
| #define PACKAGE_NAME "wiki4freetz"
| #define PACKAGE_TARNAME "wiki4freetz"
| #define PACKAGE_VERSION "1.7.1"
| #define PACKAGE_STRING "wiki4freetz 1.7.1"
| #define PACKAGE_BUGREPORT "thpost@gmx.net"
| #define PACKAGE_URL ""
| #define PACKAGE "wiki4freetz"
| #define VERSION "1.7.1"
| #define STDC_HEADERS 1
| #define HAVE_SYS_TYPES_H 1
| #define HAVE_SYS_STAT_H 1
| #define HAVE_STDLIB_H 1
| #define HAVE_STRING_H 1
| #define HAVE_MEMORY_H 1
| #define HAVE_STRINGS_H 1
| #define HAVE_INTTYPES_H 1
| #define HAVE_STDINT_H 1
| #define HAVE_UNISTD_H 1
| #define HAVE_ARPA_INET_H 1
| #define HAVE_NETINET_IN_H 1
| #define HAVE_STDLIB_H 1
| #define HAVE_STRING_H 1
| #define HAVE_SYS_SOCKET_H 1
| #define HAVE_SYS_TIME_H 1
| #define HAVE_SYS_TIMEB_H 1
| #define HAVE_SYSLOG_H 1
| #define HAVE_UNISTD_H 1
| #define HAVE__BOOL 1
| #define HAVE_ALLOCA_H 1
| #define HAVE_ALLOCA 1
| /* end confdefs.h.  */
| #include <vfork.h>
configure:4864: result: no
configure:4864: checking for vfork.h
configure:4864: result: no
configure:4877: checking for fork
configure:4877: gcc -o conftest -g -O2   conftest.c  >&5
conftest.c:56:6: warning: conflicting types for built-in function 'fork' [enabled by default]
configure:4877: $? = 0
configure:4877: result: yes
configure:4877: checking for vfork
configure:4877: gcc -o conftest -g -O2   conftest.c  >&5
configure:4877: $? = 0
configure:4877: result: yes
configure:4887: checking for working fork
configure:4909: gcc -o conftest -g -O2   conftest.c  >&5
configure:4909: $? = 0
configure:4909: ./conftest
configure:4909: $? = 0
configure:4919: result: yes
configure:4940: checking for working vfork
configure:5050: result: yes
configure:5077: checking for stdlib.h
configure:5077: result: yes
configure:5087: checking for GNU libc compatible malloc
configure:5111: gcc -o conftest -g -O2   conftest.c  >&5
configure:5111: $? = 0
configure:5111: ./conftest
configure:5111: $? = 0
configure:5121: result: yes
configure:5144: checking for stdlib.h
configure:5144: result: yes
configure:5154: checking for GNU libc compatible realloc
configure:5178: gcc -o conftest -g -O2   conftest.c  >&5
configure:5178: $? = 0
configure:5178: ./conftest
configure:5178: $? = 0
configure:5188: result: yes
configure:5212: checking for inet_ntoa
configure:5212: gcc -o conftest -g -O2   conftest.c  >&5
configure:5212: $? = 0
configure:5212: result: yes
configure:5212: checking for memset
configure:5212: gcc -o conftest -g -O2   conftest.c  >&5
conftest.c:65:6: warning: conflicting types for built-in function 'memset' [enabled by default]
configure:5212: $? = 0
configure:5212: result: yes
configure:5212: checking for mkdir
configure:5212: gcc -o conftest -g -O2   conftest.c  >&5
configure:5212: $? = 0
configure:5212: result: yes
configure:5212: checking for putenv
configure:5212: gcc -o conftest -g -O2   conftest.c  >&5
configure:5212: $? = 0
configure:5212: result: yes
configure:5212: checking for select
configure:5212: gcc -o conftest -g -O2   conftest.c  >&5
configure:5212: $? = 0
configure:5212: result: yes
configure:5212: checking for setenv
configure:5212: gcc -o conftest -g -O2   conftest.c  >&5
configure:5212: $? = 0
configure:5212: result: yes
configure:5212: checking for socket
configure:5212: gcc -o conftest -g -O2   conftest.c  >&5
configure:5212: $? = 0
configure:5212: result: yes
configure:5212: checking for strcasecmp
configure:5212: gcc -o conftest -g -O2   conftest.c  >&5
conftest.c:71:6: warning: conflicting types for built-in function 'strcasecmp' [enabled by default]
configure:5212: $? = 0
configure:5212: result: yes
configure:5212: checking for strchr
configure:5212: gcc -o conftest -g -O2   conftest.c  >&5
conftest.c:72:6: warning: conflicting types for built-in function 'strchr' [enabled by default]
configure:5212: $? = 0
configure:5212: result: yes
configure:5212: checking for strdup
configure:5212: gcc -o conftest -g -O2   conftest.c  >&5
conftest.c:73:6: warning: conflicting types for built-in function 'strdup' [enabled by default]
configure:5212: $? = 0
configure:5212: result: yes
configure:5212: checking for strncasecmp
configure:5212: gcc -o conftest -g -O2   conftest.c  >&5
conftest.c:74:6: warning: conflicting types for built-in function 'strncasecmp' [enabled by default]
configure:5212: $? = 0
configure:5212: result: yes
configure:5212: checking for strpbrk
configure:5212: gcc -o conftest -g -O2   conftest.c  >&5
conftest.c:75:6: warning: conflicting types for built-in function 'strpbrk' [enabled by default]
configure:5212: $? = 0
configure:5212: result: yes
configure:5212: checking for strrchr
configure:5212: gcc -o conftest -g -O2   conftest.c  >&5
conftest.c:76:6: warning: conflicting types for built-in function 'strrchr' [enabled by default]
configure:5212: $? = 0
configure:5212: result: yes
configure:5212: checking for strstr
configure:5212: gcc -o conftest -g -O2   conftest.c  >&5
conftest.c:77:6: warning: conflicting types for built-in function 'strstr' [enabled by default]
configure:5212: $? = 0
configure:5212: result: yes
configure:5359: creating ./config.status

## ---------------------- ##
## Running config.status. ##
## ---------------------- ##

This file was extended by wiki4freetz config.status 1.7.1, which was
generated by GNU Autoconf 2.69.  Invocation command line was

  CONFIG_FILES    = 
  CONFIG_HEADERS  = 
  CONFIG_LINKS    = 
  CONFIG_COMMANDS = 
  $ ./config.status 

on scaleo

config.status:890: creating Makefile
config.status:890: creating src/Makefile
config.status:890: creating config.h
config.status:1071: config.h is unchanged
config.status:1119: executing depfiles commands

## ---------------- ##
## Cache variables. ##
## ---------------- ##

ac_cv_c_compiler_gnu=yes
ac_cv_cxx_compiler_gnu=yes
ac_cv_env_CCC_set=
ac_cv_env_CCC_value=
ac_cv_env_CC_set=
ac_cv_env_CC_value=
ac_cv_env_CFLAGS_set=
ac_cv_env_CFLAGS_value=
ac_cv_env_CPPFLAGS_set=
ac_cv_env_CPPFLAGS_value=
ac_cv_env_CPP_set=
ac_cv_env_CPP_value=
ac_cv_env_CXXFLAGS_set=
ac_cv_env_CXXFLAGS_value=
ac_cv_env_CXX_set=
ac_cv_env_CXX_value=
ac_cv_env_LDFLAGS_set=
ac_cv_env_LDFLAGS_value=
ac_cv_env_LIBS_set=
ac_cv_env_LIBS_value=
ac_cv_env_build_alias_set=
ac_cv_env_build_alias_value=
ac_cv_env_host_alias_set=
ac_cv_env_host_alias_value=
ac_cv_env_target_alias_set=
ac_cv_env_target_alias_value=
ac_cv_func_alloca_works=yes
ac_cv_func_fork=yes
ac_cv_func_fork_works=yes
ac_cv_func_inet_ntoa=yes
ac_cv_func_malloc_0_nonnull=yes
ac_cv_func_memset=yes
ac_cv_func_mkdir=yes
ac_cv_func_putenv=yes
ac_cv_func_realloc_0_nonnull=yes
ac_cv_func_select=yes
ac_cv_func_setenv=yes
ac_cv_func_socket=yes
ac_cv_func_strcasecmp=yes
ac_cv_func_strchr=yes
ac_cv_func_strdup=yes
ac_cv_func_strncasecmp=yes
ac_cv_func_strpbrk=yes
ac_cv_func_strrchr=yes
ac_cv_func_strstr=yes
ac_cv_func_vfork=yes
ac_cv_func_vfork_works=yes
ac_cv_header_arpa_inet_h=yes
ac_cv_header_inttypes_h=yes
ac_cv_header_memory_h=yes
ac_cv_header_netinet_in_h=yes
ac_cv_header_stdbool_h=yes
ac_cv_header_stdc=yes
ac_cv_header_stdint_h=yes
ac_cv_header_stdlib_h=yes
ac_cv_header_string_h=yes
ac_cv_header_strings_h=yes
ac_cv_header_sys_socket_h=yes
ac_cv_header_sys_stat_h=yes
ac_cv_header_sys_time_h=yes
ac_cv_header_sys_timeb_h=yes
ac_cv_header_sys_types_h=yes
ac_cv_header_syslog_h=yes
ac_cv_header_unistd_h=yes
ac_cv_header_vfork_h=no
ac_cv_objext=o
ac_cv_path_EGREP='/bin/grep -E'
ac_cv_path_GREP=/bin/grep
ac_cv_path_install='/usr/bin/install -c'
ac_cv_path_mkdir=/bin/mkdir
ac_cv_prog_AWK=gawk
ac_cv_prog_CPP='gcc -E'
ac_cv_prog_ac_ct_CC=gcc
ac_cv_prog_ac_ct_CXX=g++
ac_cv_prog_cc_c89=
ac_cv_prog_cc_g=yes
ac_cv_prog_cxx_g=yes
ac_cv_prog_make_make_set=yes
ac_cv_type__Bool=yes
ac_cv_type_pid_t=yes
ac_cv_type_size_t=yes
ac_cv_working_alloca_h=yes
am_cv_CC_dependencies_compiler_type=gcc3
am_cv_CXX_dependencies_compiler_type=gcc3

## ----------------- ##
## Output variables. ##
## ----------------- ##

ACLOCAL='${SHELL} /home/the/Projects/wiki4freetz/missing --run aclocal-1.11'
ALLOCA=''
AMDEPBACKSLASH='\'
AMDEP_FALSE='#'
AMDEP_TRUE=''
AMTAR='$${TAR-tar}'
AUTOCONF='${SHELL} /home/the/Projects/wiki4freetz/missing --run autoconf'
AUTOHEADER='${SHELL} /home/the/Projects/wiki4freetz/missing --run autoheader'
AUTOMAKE='${SHELL} /home/the/Projects/wiki4freetz/missing --run automake-1.11'
AWK='gawk'
CC='gcc'
CCDEPMODE='depmode=gcc3'
CFLAGS='-g -O2'
CPP='gcc -E'
CPPFLAGS=''
CXX='g++'
CXXDEPMODE='depmode=gcc3'
CXXFLAGS='-g -O2'
CYGPATH_W='echo'
DEFS='-DHAVE_CONFIG_H'
DEPDIR='.deps'
ECHO_C=''
ECHO_N='-n'
ECHO_T=''
EGREP='/bin/grep -E'
EXEEXT=''
GREP='/bin/grep'
INSTALL_DATA='${INSTALL} -m 644'
INSTALL_PROGRAM='${INSTALL}'
INSTALL_SCRIPT='${INSTALL}'
INSTALL_STRIP_PROGRAM='$(install_sh) -c -s'
LDFLAGS=''
LIBOBJS=''
LIBS=''
LTLIBOBJS=''
MAKEINFO='${SHELL} /home/the/Projects/wiki4freetz/missing --run makeinfo'
MKDIR_P='/bin/mkdir -p'
OBJEXT='o'
PACKAGE='wiki4freetz'
PACKAGE_BUGREPORT='thpost@gmx.net'
PACKAGE_NAME='wiki4freetz'
PACKAGE_STRING='wiki4freetz 1.7.1'
PACKAGE_TARNAME='wiki4freetz'
PACKAGE_URL=''
PACKAGE_VERSION='1.7.1'
PATH_SEPARATOR=':'
SET_MAKE=''
SHELL='/bin/bash'
STRIP=''
VERSION='1.7.1'
ac_ct_CC='gcc'
ac_ct_CXX='g++'
am__EXEEXT_FALSE=''
am__EXEEXT_TRUE='#'
am__fastdepCC_FALSE='#'
am__fastdepCC_TRUE=''
am__fastdepCXX_FALSE='#'
am__fastdepCXX_TRUE=''
am__include='include'
am__isrc=''
am__leading_dot='.'
am__nodep='_no'
am__quote=''
am__tar='$${TAR-tar} chof - "$$tardir"'
am__untar='$${TAR-tar} xf -'
bindir='${exec_prefix}/bin'
build_alias=''
datadir='${datarootdir}'
datarootdir='${prefix}/share'
docdir='${datarootdir}/doc/${PACKAGE_TARNAME}'
dvidir='${docdir}'
exec_prefix='${prefix}'
host_alias=''
htmldir='${docdir}'
includedir='${prefix}/include'
infodir='${datarootdir}/info'
install_sh='${SHELL} /home/the/Projects/wiki4freetz/install-sh'
libdir='${exec_prefix}/lib'
libexecdir='${exec_prefix}/libexec'
localedir='${datarootdir}/locale'
localstatedir='${prefix}/var'
mandir='${datarootdir}/man'
mkdir_p='/bin/mkdir -p'
oldincludedir='/usr/include'
pdfdir='${docdir}'
prefix='/usr/local'
program_transform_name='s,x,x,'
psdir='${docdir}'
sbindir='${exec_prefix}/sbin'
sharedstatedir='${prefix}/com'
sysconfdir='${prefix}/etc'
target_alias=''

## ----------- ##
## confdefs.h. ##
## ----------- ##

/* confdefs.h */
#define PACKAGE_NAME "wiki4freetz"
#define PACKAGE_TARNAME "wiki4freetz"
#define PACKAGE_VERSION "1.7.1"
#define PACKAGE_STRING "wiki4freetz 1.7.1"
#define PACKAGE_BUGREPORT "thpost@gmx.net"
#define PACKAGE_URL ""
#define PACKAGE "wiki4freetz"
#define VERSION "1.7.1"
#define STDC_HEADERS 1
#define HAVE_SYS_TYPES_H 1
#define HAVE_SYS_STAT_H 1
#define HAVE_STDLIB_H 1
#define HAVE_STRING_H 1
#define HAVE_MEMORY_H 1
#define HAVE_STRINGS_H 1
#define HAVE_INTTYPES_H 1
#define HAVE_STDINT_H 1
#define HAVE_UNISTD_H 1
#define HAVE_ARPA_INET_H 1
#define HAVE_NETINET_IN_H 1
#define HAVE_STDLIB_H 1
#define HAVE_STRING_H 1
#define HAVE_SYS_SOCKET_H 1
#define HAVE_SYS_TIME_H 1
#define HAVE_SYS_TIMEB_H 1
#define HAVE_SYSLOG_H 1
#define HAVE_UNISTD_H 1
#define HAVE__BOOL 1
#define HAVE_ALLOCA_H 1
#define HAVE_ALLOCA 1
#define HAVE_FORK 1
#define HAVE_VFORK 1
#define HAVE_WORKING_VFORK 1
#define HAVE_WORKING_FORK 1
#define HAVE_STDLIB_H 1
#define HAVE_MALLOC 1
#define HAVE_STDLIB_H 1
#define HAVE_REALLOC 1
#define HAVE_INET_NTOA 1
#define HAVE_MEMSET 1
#define HAVE_MKDIR 1
#define HAVE_PUTENV 1
#define HAVE_SELECT 1
#define HAVE_SETENV 1
#define HAVE_SOCKET 1
#define HAVE_STRCASECMP 1
#define HAVE_STRCHR 1
#define HAVE_STRDUP 1
#define HAVE_STRNCASECMP 1
#define HAVE_STRPBRK 1
#define HAVE_STRRCHR 1
#define HAVE_STRSTR 1

configure: exit 0
